Arguments: 
  C:\Program Files\nodejs\node.exe C:\Users\sransom\AppData\Roaming\npm\node_modules\yarn\bin\yarn.js add babel-preset-react@6.24.1 babel-preset-env-@1.5.2

PATH: 
  C:\ProgramData\Oracle\Java\javapath;C:\Program Files\Common Files\Microsoft Shared\Microsoft Online Services;C:\Program Files (x86)\Common Files\Microsoft Shared\Microsoft Online Services;C:\windows\system32;C:\windows;C:\windows\System32\Wbem;C:\windows\System32\WindowsPowerShell\v1.0\;C:\Program Files (x86)\Box\Box Edit\;C:\Program Files (x86)\WebEx\Productivity Tools;C:\Program Files\Intel\WiFi\bin\;C:\Program Files\Common Files\Intel\WirelessCommon\;C:\Program Files (x86)\Enterprise Vault\EVClient\x64\;C:\Program Files\Git\cmd;C:\Program Files (x86)\WebEx\PTools020000000;C:\Program Files\nodejs\;C:\Users\sransom\AppData\Local\Microsoft\WindowsApps;C:\Users\sransom\AppData\Roaming\npm;C:\Program Files\Microsoft VS Code\bin;C:\Users\sransom\AppData\Local\Programs\Microsoft VS Code\bin

Yarn version: 
  1.13.0

Node version: 
  8.9.4

Platform: 
  win32 x64

Trace: 
  Error: https://registry.yarnpkg.com/babel-preset-env-: Not found
      at Request.params.callback [as _callback] (C:\Users\sransom\AppData\Roaming\npm\node_modules\yarn\lib\cli.js:66255:18)
      at Request.self.callback (C:\Users\sransom\AppData\Roaming\npm\node_modules\yarn\lib\cli.js:129397:22)
      at emitTwo (events.js:126:13)
      at Request.emit (events.js:214:7)
      at Request.<anonymous> (C:\Users\sransom\AppData\Roaming\npm\node_modules\yarn\lib\cli.js:130369:10)
      at emitOne (events.js:116:13)
      at Request.emit (events.js:211:7)
      at IncomingMessage.<anonymous> (C:\Users\sransom\AppData\Roaming\npm\node_modules\yarn\lib\cli.js:130291:12)
      at Object.onceWrapper (events.js:313:30)
      at emitNone (events.js:111:20)

npm manifest: 
  {
    "name": "indecision-app",
    "version": "1.0.0",
    "main": "index.js",
    "author": "Sam Ransom",
    "license": "MIT"
  }

yarn manifest: 
  No manifest

Lockfile: 
  No lockfile
